<?xml version="1.0" encoding="UTF-8"?>
<!-- Generated by org.testng.reporters.JUnitReportReporter -->
<testsuite skipped="0" hostname="DESKTOP-MB16O9P" name="restassuredapi.AddAddress" tests="79" failures="2" timestamp="25 十二月 2017 09:34:20 GMT" time="13.718" errors="0">
  <testcase name="addAddress" time="0.205" classname="restassuredapi.AddAddress"/>
  <testcase name="addAddress" time="0.126" classname="restassuredapi.AddAddress"/>
  <testcase name="addAddress" time="0.131" classname="restassuredapi.AddAddress"/>
  <testcase name="addAddress" time="0.141" classname="restassuredapi.AddAddress"/>
  <testcase name="addAddress" time="0.119" classname="restassuredapi.AddAddress"/>
  <testcase name="addAddress" time="0.116" classname="restassuredapi.AddAddress"/>
  <testcase name="addAddress" time="0.106" classname="restassuredapi.AddAddress"/>
  <testcase name="addAddress" time="0.150" classname="restassuredapi.AddAddress"/>
  <testcase name="addAddress" time="0.122" classname="restassuredapi.AddAddress"/>
  <testcase name="addAddress" time="0.127" classname="restassuredapi.AddAddress"/>
  <testcase name="addAddress" time="0.339" classname="restassuredapi.AddAddress"/>
  <testcase name="addAddress" time="0.088" classname="restassuredapi.AddAddress"/>
  <testcase name="addAddress" time="0.141" classname="restassuredapi.AddAddress"/>
  <testcase name="addAddress" time="0.198" classname="restassuredapi.AddAddress"/>
  <testcase name="addAddress" time="0.329" classname="restassuredapi.AddAddress"/>
  <testcase name="addAddress" time="0.132" classname="restassuredapi.AddAddress"/>
  <testcase name="addAddress" time="0.142" classname="restassuredapi.AddAddress"/>
  <testcase name="addAddress" time="0.157" classname="restassuredapi.AddAddress"/>
  <testcase name="addAddress" time="0.184" classname="restassuredapi.AddAddress"/>
  <testcase name="addAddress" time="0.122" classname="restassuredapi.AddAddress"/>
  <testcase name="addAddress" time="0.157" classname="restassuredapi.AddAddress"/>
  <testcase name="addAddress" time="0.119" classname="restassuredapi.AddAddress"/>
  <testcase name="addAddress" time="0.158" classname="restassuredapi.AddAddress"/>
  <testcase name="addAddress" time="0.121" classname="restassuredapi.AddAddress"/>
  <testcase name="addAddress" time="0.120" classname="restassuredapi.AddAddress"/>
  <testcase name="addAddress" time="0.323" classname="restassuredapi.AddAddress"/>
  <testcase name="addAddress" time="0.134" classname="restassuredapi.AddAddress"/>
  <testcase name="addAddress" time="0.132" classname="restassuredapi.AddAddress"/>
  <testcase name="addAddress" time="0.150" classname="restassuredapi.AddAddress"/>
  <testcase name="addAddress" time="0.160" classname="restassuredapi.AddAddress"/>
  <testcase name="addAddress" time="0.100" classname="restassuredapi.AddAddress"/>
  <testcase name="addAddress" time="0.110" classname="restassuredapi.AddAddress"/>
  <testcase name="addAddress" time="0.120" classname="restassuredapi.AddAddress"/>
  <testcase name="addAddress" time="0.132" classname="restassuredapi.AddAddress"/>
  <testcase name="addAddress" time="0.148" classname="restassuredapi.AddAddress"/>
  <testcase name="addAddress" time="0.136" classname="restassuredapi.AddAddress"/>
  <testcase name="addAddress" time="0.121" classname="restassuredapi.AddAddress"/>
  <testcase name="addAddress" time="0.124" classname="restassuredapi.AddAddress"/>
  <testcase name="addAddress" time="0.121" classname="restassuredapi.AddAddress"/>
  <testcase name="addAddress" time="0.216" classname="restassuredapi.AddAddress"/>
  <testcase name="addAddress" time="0.139" classname="restassuredapi.AddAddress"/>
  <testcase name="addAddress" time="0.116" classname="restassuredapi.AddAddress"/>
  <testcase name="addAddress" time="0.207" classname="restassuredapi.AddAddress"/>
  <testcase name="addAddress" time="0.100" classname="restassuredapi.AddAddress">
    <failure type="java.lang.AssertionError" message="1 expectation failed.
JSON path msg doesn&#039;t match.
Expected: 联系人不能为空
  Actual: 联系人只能由中文、字母或数字组成
">
      <![CDATA[java.lang.AssertionError: 1 expectation failed.
JSON path msg doesn't match.
Expected: 联系人不能为空
  Actual: 联系人只能由中文、字母或数字组成

	at sun.reflect.NativeConstructorAccessorImpl.newInstance0(Native Method)
	at sun.reflect.NativeConstructorAccessorImpl.newInstance(Unknown Source)
	at sun.reflect.DelegatingConstructorAccessorImpl.newInstance(Unknown Source)
	at java.lang.reflect.Constructor.newInstance(Unknown Source)
	at org.codehaus.groovy.reflection.CachedConstructor.invoke(CachedConstructor.java:83)
	at org.codehaus.groovy.reflection.CachedConstructor.doConstructorInvoke(CachedConstructor.java:77)
	at org.codehaus.groovy.runtime.callsite.ConstructorSite$ConstructorSiteNoUnwrap.callConstructor(ConstructorSite.java:84)
	at org.codehaus.groovy.runtime.callsite.CallSiteArray.defaultCallConstructor(CallSiteArray.java:60)
	at org.codehaus.groovy.runtime.callsite.AbstractCallSite.callConstructor(AbstractCallSite.java:235)
	at org.codehaus.groovy.runtime.callsite.AbstractCallSite.callConstructor(AbstractCallSite.java:247)
	at io.restassured.internal.ResponseSpecificationImpl$HamcrestAssertionClosure.validate(ResponseSpecificationImpl.groovy:471)
	at io.restassured.internal.ResponseSpecificationImpl$HamcrestAssertionClosure$validate$1.call(Unknown Source)
	at io.restassured.internal.ResponseSpecificationImpl.validateResponseIfRequired(ResponseSpecificationImpl.groovy:643)
	at sun.reflect.GeneratedMethodAccessor142.invoke(Unknown Source)
	at sun.reflect.DelegatingMethodAccessorImpl.invoke(Unknown Source)
	at java.lang.reflect.Method.invoke(Unknown Source)
	at org.codehaus.groovy.runtime.callsite.PogoMetaMethodSite$PogoCachedMethodSiteNoUnwrapNoCoerce.invoke(PogoMetaMethodSite.java:210)
	at org.codehaus.groovy.runtime.callsite.PogoMetaMethodSite.callCurrent(PogoMetaMethodSite.java:59)
	at org.codehaus.groovy.runtime.callsite.AbstractCallSite.callCurrent(AbstractCallSite.java:166)
	at io.restassured.internal.ResponseSpecificationImpl.content(ResponseSpecificationImpl.groovy:265)
	at io.restassured.specification.ResponseSpecification$content$0.callCurrent(Unknown Source)
	at io.restassured.internal.ResponseSpecificationImpl.body(ResponseSpecificationImpl.groovy:248)
	at io.restassured.internal.ValidatableResponseOptionsImpl.body(ValidatableResponseOptionsImpl.java:268)
	at restassuredapi.AddAddress.addAddress(AddAddress.java:25)
	at sun.reflect.GeneratedMethodAccessor137.invoke(Unknown Source)
	at sun.reflect.DelegatingMethodAccessorImpl.invoke(Unknown Source)
	at java.lang.reflect.Method.invoke(Unknown Source)
	at org.testng.internal.MethodInvocationHelper.invokeMethod(MethodInvocationHelper.java:108)
	at org.testng.internal.Invoker.invokeMethod(Invoker.java:661)
	at org.testng.internal.Invoker.invokeTestMethod(Invoker.java:869)
	at org.testng.internal.Invoker.invokeTestMethods(Invoker.java:1193)
	at org.testng.internal.TestMethodWorker.invokeTestMethods(TestMethodWorker.java:126)
	at org.testng.internal.TestMethodWorker.run(TestMethodWorker.java:109)
	at org.testng.TestRunner.privateRun(TestRunner.java:744)
	at org.testng.TestRunner.run(TestRunner.java:602)
	at org.testng.SuiteRunner.runTest(SuiteRunner.java:380)
	at org.testng.SuiteRunner.runSequentially(SuiteRunner.java:375)
	at org.testng.SuiteRunner.privateRun(SuiteRunner.java:340)
	at org.testng.SuiteRunner.run(SuiteRunner.java:289)
	at org.testng.SuiteRunnerWorker.runSuite(SuiteRunnerWorker.java:52)
	at org.testng.SuiteRunnerWorker.run(SuiteRunnerWorker.java:86)
	at org.testng.TestNG.runSuitesSequentially(TestNG.java:1301)
	at org.testng.TestNG.runSuitesLocally(TestNG.java:1226)
	at org.testng.TestNG.runSuites(TestNG.java:1144)
	at org.testng.TestNG.run(TestNG.java:1115)
	at org.testng.remote.AbstractRemoteTestNG.run(AbstractRemoteTestNG.java:132)
	at org.testng.remote.RemoteTestNG.initAndRun(RemoteTestNG.java:230)
	at org.testng.remote.RemoteTestNG.main(RemoteTestNG.java:76)
]]>
    </failure>
  </testcase> <!-- addAddress -->
  <testcase name="addAddress" time="0.339" classname="restassuredapi.AddAddress"/>
  <testcase name="addAddress" time="0.345" classname="restassuredapi.AddAddress"/>
  <testcase name="addAddress" time="0.170" classname="restassuredapi.AddAddress"/>
  <testcase name="addAddress" time="0.139" classname="restassuredapi.AddAddress"/>
  <testcase name="addAddress" time="0.087" classname="restassuredapi.AddAddress"/>
  <testcase name="addAddress" time="0.116" classname="restassuredapi.AddAddress"/>
  <testcase name="addAddress" time="0.140" classname="restassuredapi.AddAddress"/>
  <testcase name="addAddress" time="0.125" classname="restassuredapi.AddAddress"/>
  <testcase name="addAddress" time="1.650" classname="restassuredapi.AddAddress">
    <failure type="java.lang.AssertionError" message="1 expectation failed.
JSON path msg doesn&#039;t match.
Expected: 成功
  Actual: 服务器出了点小问题，请稍候重试
">
      <![CDATA[java.lang.AssertionError: 1 expectation failed.
JSON path msg doesn't match.
Expected: 成功
  Actual: 服务器出了点小问题，请稍候重试

	at sun.reflect.NativeConstructorAccessorImpl.newInstance0(Native Method)
	at sun.reflect.NativeConstructorAccessorImpl.newInstance(Unknown Source)
	at sun.reflect.DelegatingConstructorAccessorImpl.newInstance(Unknown Source)
	at java.lang.reflect.Constructor.newInstance(Unknown Source)
	at org.codehaus.groovy.reflection.CachedConstructor.invoke(CachedConstructor.java:83)
	at org.codehaus.groovy.reflection.CachedConstructor.doConstructorInvoke(CachedConstructor.java:77)
	at org.codehaus.groovy.runtime.callsite.ConstructorSite$ConstructorSiteNoUnwrap.callConstructor(ConstructorSite.java:84)
	at org.codehaus.groovy.runtime.callsite.AbstractCallSite.callConstructor(AbstractCallSite.java:247)
	at io.restassured.internal.ResponseSpecificationImpl$HamcrestAssertionClosure.validate(ResponseSpecificationImpl.groovy:471)
	at io.restassured.internal.ResponseSpecificationImpl$HamcrestAssertionClosure$validate$1.call(Unknown Source)
	at io.restassured.internal.ResponseSpecificationImpl.validateResponseIfRequired(ResponseSpecificationImpl.groovy:643)
	at sun.reflect.GeneratedMethodAccessor142.invoke(Unknown Source)
	at sun.reflect.DelegatingMethodAccessorImpl.invoke(Unknown Source)
	at java.lang.reflect.Method.invoke(Unknown Source)
	at org.codehaus.groovy.runtime.callsite.PogoMetaMethodSite$PogoCachedMethodSiteNoUnwrapNoCoerce.invoke(PogoMetaMethodSite.java:210)
	at org.codehaus.groovy.runtime.callsite.PogoMetaMethodSite.callCurrent(PogoMetaMethodSite.java:59)
	at org.codehaus.groovy.runtime.callsite.AbstractCallSite.callCurrent(AbstractCallSite.java:166)
	at io.restassured.internal.ResponseSpecificationImpl.content(ResponseSpecificationImpl.groovy:265)
	at io.restassured.specification.ResponseSpecification$content$0.callCurrent(Unknown Source)
	at io.restassured.internal.ResponseSpecificationImpl.body(ResponseSpecificationImpl.groovy:248)
	at io.restassured.internal.ValidatableResponseOptionsImpl.body(ValidatableResponseOptionsImpl.java:268)
	at restassuredapi.AddAddress.addAddress(AddAddress.java:25)
	at sun.reflect.GeneratedMethodAccessor137.invoke(Unknown Source)
	at sun.reflect.DelegatingMethodAccessorImpl.invoke(Unknown Source)
	at java.lang.reflect.Method.invoke(Unknown Source)
	at org.testng.internal.MethodInvocationHelper.invokeMethod(MethodInvocationHelper.java:108)
	at org.testng.internal.Invoker.invokeMethod(Invoker.java:661)
	at org.testng.internal.Invoker.invokeTestMethod(Invoker.java:869)
	at org.testng.internal.Invoker.invokeTestMethods(Invoker.java:1193)
	at org.testng.internal.TestMethodWorker.invokeTestMethods(TestMethodWorker.java:126)
	at org.testng.internal.TestMethodWorker.run(TestMethodWorker.java:109)
	at org.testng.TestRunner.privateRun(TestRunner.java:744)
	at org.testng.TestRunner.run(TestRunner.java:602)
	at org.testng.SuiteRunner.runTest(SuiteRunner.java:380)
	at org.testng.SuiteRunner.runSequentially(SuiteRunner.java:375)
	at org.testng.SuiteRunner.privateRun(SuiteRunner.java:340)
	at org.testng.SuiteRunner.run(SuiteRunner.java:289)
	at org.testng.SuiteRunnerWorker.runSuite(SuiteRunnerWorker.java:52)
	at org.testng.SuiteRunnerWorker.run(SuiteRunnerWorker.java:86)
	at org.testng.TestNG.runSuitesSequentially(TestNG.java:1301)
	at org.testng.TestNG.runSuitesLocally(TestNG.java:1226)
	at org.testng.TestNG.runSuites(TestNG.java:1144)
	at org.testng.TestNG.run(TestNG.java:1115)
	at org.testng.remote.AbstractRemoteTestNG.run(AbstractRemoteTestNG.java:132)
	at org.testng.remote.RemoteTestNG.initAndRun(RemoteTestNG.java:230)
	at org.testng.remote.RemoteTestNG.main(RemoteTestNG.java:76)
]]>
    </failure>
  </testcase> <!-- addAddress -->
  <testcase name="addAddress" time="0.188" classname="restassuredapi.AddAddress"/>
  <testcase name="addAddress" time="0.127" classname="restassuredapi.AddAddress"/>
  <testcase name="addAddress" time="0.117" classname="restassuredapi.AddAddress"/>
  <testcase name="addAddress" time="0.162" classname="restassuredapi.AddAddress"/>
  <testcase name="addAddress" time="0.117" classname="restassuredapi.AddAddress"/>
  <testcase name="addAddress" time="0.126" classname="restassuredapi.AddAddress"/>
  <testcase name="addAddress" time="0.121" classname="restassuredapi.AddAddress"/>
  <testcase name="addAddress" time="0.098" classname="restassuredapi.AddAddress"/>
  <testcase name="addAddress" time="0.332" classname="restassuredapi.AddAddress"/>
  <testcase name="addAddress" time="0.125" classname="restassuredapi.AddAddress"/>
  <testcase name="addAddress" time="0.099" classname="restassuredapi.AddAddress"/>
  <testcase name="addAddress" time="0.147" classname="restassuredapi.AddAddress"/>
  <testcase name="addAddress" time="0.142" classname="restassuredapi.AddAddress"/>
  <testcase name="addAddress" time="0.132" classname="restassuredapi.AddAddress"/>
  <testcase name="addAddress" time="0.183" classname="restassuredapi.AddAddress"/>
  <testcase name="addAddress" time="0.539" classname="restassuredapi.AddAddress"/>
  <testcase name="addAddress" time="0.116" classname="restassuredapi.AddAddress"/>
  <testcase name="addAddress" time="0.119" classname="restassuredapi.AddAddress"/>
  <testcase name="addAddress" time="0.146" classname="restassuredapi.AddAddress"/>
  <testcase name="addAddress" time="0.128" classname="restassuredapi.AddAddress"/>
  <testcase name="addAddress" time="0.119" classname="restassuredapi.AddAddress"/>
  <testcase name="addAddress" time="0.105" classname="restassuredapi.AddAddress"/>
  <testcase name="addAddress" time="0.146" classname="restassuredapi.AddAddress"/>
  <testcase name="addAddress" time="0.092" classname="restassuredapi.AddAddress"/>
  <testcase name="addAddress" time="0.133" classname="restassuredapi.AddAddress"/>
  <testcase name="addAddress" time="0.109" classname="restassuredapi.AddAddress"/>
</testsuite> <!-- restassuredapi.AddAddress -->
